2023-07-13 21:29:20,605 - httpx - INFO - HTTP Request: POST https://api.telegram.org/bot6153367449:AAHR3Yn_npGScxADEqpbF21151FHC76w-yw/getMe "HTTP/1.1 200 OK"
2023-07-13 21:29:20,656 - httpx - INFO - HTTP Request: POST https://api.telegram.org/bot6153367449:AAHR3Yn_npGScxADEqpbF21151FHC76w-yw/deleteWebhook "HTTP/1.1 200 OK"
2023-07-13 21:29:20,657 - telegram.ext.Application - INFO - Application started
2023-07-13 21:29:30,803 - httpx - INFO - HTTP Request: POST https://api.telegram.org/bot6153367449:AAHR3Yn_npGScxADEqpbF21151FHC76w-yw/getUpdates "HTTP/1.1 200 OK"
2023-07-13 21:29:43,863 - httpx - INFO - HTTP Request: POST https://api.telegram.org/bot6153367449:AAHR3Yn_npGScxADEqpbF21151FHC76w-yw/getUpdates "HTTP/1.1 200 OK"
2023-07-13 21:29:56,920 - httpx - INFO - HTTP Request: POST https://api.telegram.org/bot6153367449:AAHR3Yn_npGScxADEqpbF21151FHC76w-yw/getUpdates "HTTP/1.1 200 OK"
2023-07-13 21:30:03,474 - httpx - INFO - HTTP Request: POST https://api.telegram.org/bot6153367449:AAHR3Yn_npGScxADEqpbF21151FHC76w-yw/getUpdates "HTTP/1.1 200 OK"
2023-07-13 21:30:03,753 - httpx - INFO - HTTP Request: POST https://api.telegram.org/bot6153367449:AAHR3Yn_npGScxADEqpbF21151FHC76w-yw/sendMessage "HTTP/1.1 200 OK"
2023-07-13 21:30:03,885 - httpx - INFO - HTTP Request: POST https://api.telegram.org/bot6153367449:AAHR3Yn_npGScxADEqpbF21151FHC76w-yw/sendMessage "HTTP/1.1 200 OK"
2023-07-13 21:30:10,454 - httpx - INFO - HTTP Request: POST https://api.telegram.org/bot6153367449:AAHR3Yn_npGScxADEqpbF21151FHC76w-yw/getUpdates "HTTP/1.1 200 OK"
2023-07-13 21:30:10,713 - httpx - INFO - HTTP Request: POST https://api.telegram.org/bot6153367449:AAHR3Yn_npGScxADEqpbF21151FHC76w-yw/sendMessage "HTTP/1.1 200 OK"
2023-07-13 21:30:10,853 - httpx - INFO - HTTP Request: POST https://api.telegram.org/bot6153367449:AAHR3Yn_npGScxADEqpbF21151FHC76w-yw/sendMessage "HTTP/1.1 200 OK"
2023-07-13 21:30:23,508 - httpx - INFO - HTTP Request: POST https://api.telegram.org/bot6153367449:AAHR3Yn_npGScxADEqpbF21151FHC76w-yw/getUpdates "HTTP/1.1 200 OK"
2023-07-13 21:30:36,572 - httpx - INFO - HTTP Request: POST https://api.telegram.org/bot6153367449:AAHR3Yn_npGScxADEqpbF21151FHC76w-yw/getUpdates "HTTP/1.1 200 OK"
2023-07-13 21:30:39,637 - httpx - INFO - HTTP Request: POST https://api.telegram.org/bot6153367449:AAHR3Yn_npGScxADEqpbF21151FHC76w-yw/getUpdates "HTTP/1.1 200 OK"
2023-07-13 21:30:39,860 - httpx - INFO - HTTP Request: POST https://api.telegram.org/bot6153367449:AAHR3Yn_npGScxADEqpbF21151FHC76w-yw/answerCallbackQuery "HTTP/1.1 200 OK"
2023-07-13 21:30:42,700 - httpx - INFO - HTTP Request: POST https://api.telegram.org/bot6153367449:AAHR3Yn_npGScxADEqpbF21151FHC76w-yw/getUpdates "HTTP/1.1 200 OK"
2023-07-13 21:30:42,810 - httpx - INFO - HTTP Request: POST https://api.telegram.org/bot6153367449:AAHR3Yn_npGScxADEqpbF21151FHC76w-yw/answerCallbackQuery "HTTP/1.1 200 OK"
2023-07-13 21:30:42,944 - httpx - INFO - HTTP Request: POST https://api.telegram.org/bot6153367449:AAHR3Yn_npGScxADEqpbF21151FHC76w-yw/sendMessage "HTTP/1.1 200 OK"
2023-07-13 21:30:43,055 - httpx - INFO - HTTP Request: POST https://api.telegram.org/bot6153367449:AAHR3Yn_npGScxADEqpbF21151FHC76w-yw/sendMessage "HTTP/1.1 200 OK"
2023-07-13 21:30:48,598 - httpx - INFO - HTTP Request: POST https://api.telegram.org/bot6153367449:AAHR3Yn_npGScxADEqpbF21151FHC76w-yw/getUpdates "HTTP/1.1 200 OK"
2023-07-13 21:30:48,839 - httpx - INFO - HTTP Request: POST https://api.telegram.org/bot6153367449:AAHR3Yn_npGScxADEqpbF21151FHC76w-yw/sendMessage "HTTP/1.1 200 OK"
2023-07-13 21:30:48,951 - httpx - INFO - HTTP Request: POST https://api.telegram.org/bot6153367449:AAHR3Yn_npGScxADEqpbF21151FHC76w-yw/sendMessage "HTTP/1.1 200 OK"
2023-07-13 21:31:01,666 - httpx - INFO - HTTP Request: POST https://api.telegram.org/bot6153367449:AAHR3Yn_npGScxADEqpbF21151FHC76w-yw/getUpdates "HTTP/1.1 200 OK"
2023-07-13 21:31:07,224 - httpx - INFO - HTTP Request: POST https://api.telegram.org/bot6153367449:AAHR3Yn_npGScxADEqpbF21151FHC76w-yw/getUpdates "HTTP/1.1 200 OK"
2023-07-13 21:31:07,529 - httpx - INFO - HTTP Request: POST https://api.telegram.org/bot6153367449:AAHR3Yn_npGScxADEqpbF21151FHC76w-yw/sendMessage "HTTP/1.1 200 OK"
2023-07-13 21:31:08,920 - httpx - INFO - HTTP Request: POST https://api.telegram.org/bot6153367449:AAHR3Yn_npGScxADEqpbF21151FHC76w-yw/sendMessage "HTTP/1.1 200 OK"
2023-07-13 21:31:20,290 - httpx - INFO - HTTP Request: POST https://api.telegram.org/bot6153367449:AAHR3Yn_npGScxADEqpbF21151FHC76w-yw/getUpdates "HTTP/1.1 200 OK"
2023-07-13 21:31:33,350 - httpx - INFO - HTTP Request: POST https://api.telegram.org/bot6153367449:AAHR3Yn_npGScxADEqpbF21151FHC76w-yw/getUpdates "HTTP/1.1 200 OK"
2023-07-13 21:31:46,399 - httpx - INFO - HTTP Request: POST https://api.telegram.org/bot6153367449:AAHR3Yn_npGScxADEqpbF21151FHC76w-yw/getUpdates "HTTP/1.1 200 OK"
2023-07-13 21:31:59,459 - httpx - INFO - HTTP Request: POST https://api.telegram.org/bot6153367449:AAHR3Yn_npGScxADEqpbF21151FHC76w-yw/getUpdates "HTTP/1.1 200 OK"
2023-07-13 21:32:12,512 - httpx - INFO - HTTP Request: POST https://api.telegram.org/bot6153367449:AAHR3Yn_npGScxADEqpbF21151FHC76w-yw/getUpdates "HTTP/1.1 200 OK"
2023-07-13 21:32:25,567 - httpx - INFO - HTTP Request: POST https://api.telegram.org/bot6153367449:AAHR3Yn_npGScxADEqpbF21151FHC76w-yw/getUpdates "HTTP/1.1 200 OK"
2023-07-13 21:32:38,619 - httpx - INFO - HTTP Request: POST https://api.telegram.org/bot6153367449:AAHR3Yn_npGScxADEqpbF21151FHC76w-yw/getUpdates "HTTP/1.1 200 OK"
2023-07-13 21:32:51,673 - httpx - INFO - HTTP Request: POST https://api.telegram.org/bot6153367449:AAHR3Yn_npGScxADEqpbF21151FHC76w-yw/getUpdates "HTTP/1.1 200 OK"
2023-07-13 21:33:04,723 - httpx - INFO - HTTP Request: POST https://api.telegram.org/bot6153367449:AAHR3Yn_npGScxADEqpbF21151FHC76w-yw/getUpdates "HTTP/1.1 200 OK"
2023-07-13 21:33:17,772 - httpx - INFO - HTTP Request: POST https://api.telegram.org/bot6153367449:AAHR3Yn_npGScxADEqpbF21151FHC76w-yw/getUpdates "HTTP/1.1 200 OK"
2023-07-13 21:33:30,829 - httpx - INFO - HTTP Request: POST https://api.telegram.org/bot6153367449:AAHR3Yn_npGScxADEqpbF21151FHC76w-yw/getUpdates "HTTP/1.1 200 OK"
2023-07-13 21:33:43,885 - httpx - INFO - HTTP Request: POST https://api.telegram.org/bot6153367449:AAHR3Yn_npGScxADEqpbF21151FHC76w-yw/getUpdates "HTTP/1.1 200 OK"
2023-07-13 21:33:56,935 - httpx - INFO - HTTP Request: POST https://api.telegram.org/bot6153367449:AAHR3Yn_npGScxADEqpbF21151FHC76w-yw/getUpdates "HTTP/1.1 200 OK"
2023-07-13 21:34:09,988 - httpx - INFO - HTTP Request: POST https://api.telegram.org/bot6153367449:AAHR3Yn_npGScxADEqpbF21151FHC76w-yw/getUpdates "HTTP/1.1 200 OK"
2023-07-13 21:34:23,039 - httpx - INFO - HTTP Request: POST https://api.telegram.org/bot6153367449:AAHR3Yn_npGScxADEqpbF21151FHC76w-yw/getUpdates "HTTP/1.1 200 OK"
2023-07-13 21:34:36,114 - httpx - INFO - HTTP Request: POST https://api.telegram.org/bot6153367449:AAHR3Yn_npGScxADEqpbF21151FHC76w-yw/getUpdates "HTTP/1.1 200 OK"
2023-07-13 21:34:49,164 - httpx - INFO - HTTP Request: POST https://api.telegram.org/bot6153367449:AAHR3Yn_npGScxADEqpbF21151FHC76w-yw/getUpdates "HTTP/1.1 200 OK"
2023-07-13 21:34:55,474 - telegram.ext.Application - INFO - Application is stopping. This might take a moment.
2023-07-13 21:34:55,475 - telegram.ext.Application - INFO - Application.stop() complete
